This file contains any messages produced by compilers while
running configure, to aid debugging if configure makes a mistake.

It was created by rhasspy-nlu-hermes configure 0.1.1, which was
generated by GNU Autoconf 2.69.  Invocation command line was

  $ ./configure --enable-in-place

## --------- ##
## Platform. ##
## --------- ##

hostname = DrStrangelove
uname -m = x86_64
uname -r = 4.15.0-99-generic
uname -s = Linux
uname -v = #100-Ubuntu SMP Wed Apr 22 20:32:56 UTC 2020

/usr/bin/uname -p = unknown
/bin/uname -X     = unknown

/bin/arch              = unknown
/usr/bin/arch -k       = unknown
/usr/convex/getsysinfo = unknown
/usr/bin/hostinfo      = unknown
/bin/machine           = unknown
/usr/bin/oslevel       = unknown
/bin/universe          = unknown

PATH: /home/hansenm/.local/bin
PATH: /home/hansenm/bin
PATH: /usr/local/sbin
PATH: /usr/local/bin
PATH: /usr/sbin
PATH: /usr/bin
PATH: /sbin
PATH: /bin
PATH: /usr/games
PATH: /usr/local/games
PATH: /usr/local/cuda/bin


## ----------- ##
## Core tests. ##
## ----------- ##

configure:1886: checking for python3
configure:1916: result: /usr/local/bin/python3.7
configure:1931: checking if Python >= '3.7.0'
configure:1968: chmod +x conftest.py && cp conftest.py conftest >&5
configure:1968: $? = 0
configure:1968: ./conftest
configure:1968: $? = 0
configure:1984: result: yes
configure:1994: checking if Python <= '4.0'
configure:2031: chmod +x conftest.py && cp conftest.py conftest >&5
configure:2031: $? = 0
configure:2031: ./conftest
configure:2031: $? = 0
configure:2047: result: yes
configure:2097: checking build system type
configure:2111: result: x86_64-pc-linux-gnu
configure:2131: checking host system type
configure:2144: result: x86_64-pc-linux-gnu
configure:2178: checking for a BSD-compatible install
configure:2246: result: /usr/bin/install -c
configure:2257: checking for a thread-safe mkdir -p
configure:2296: result: /bin/mkdir -p
configure:2347: checking for gcc
configure:2363: found /usr/bin/gcc
configure:2374: result: gcc
configure:2603: checking for C compiler version
configure:2612: gcc --version >&5
gcc (Ubuntu 7.5.0-3ubuntu1~18.04) 7.5.0
Copyright (C) 2017 Free Software Foundation, Inc.
This is free software; see the source for copying conditions.  There is NO
warranty; not even for MERCHANTABILITY or FITNESS FOR A PARTICULAR PURPOSE.

configure:2623: $? = 0
configure:2612: gcc -v >&5
Using built-in specs.
COLLECT_GCC=gcc
COLLECT_LTO_WRAPPER=/usr/lib/gcc/x86_64-linux-gnu/7/lto-wrapper
OFFLOAD_TARGET_NAMES=nvptx-none
OFFLOAD_TARGET_DEFAULT=1
Target: x86_64-linux-gnu
Configured with: ../src/configure -v --with-pkgversion='Ubuntu 7.5.0-3ubuntu1~18.04' --with-bugurl=file:///usr/share/doc/gcc-7/README.Bugs --enable-languages=c,ada,c++,go,brig,d,fortran,objc,obj-c++ --prefix=/usr --with-gcc-major-version-only --program-suffix=-7 --program-prefix=x86_64-linux-gnu- --enable-shared --enable-linker-build-id --libexecdir=/usr/lib --without-included-gettext --enable-threads=posix --libdir=/usr/lib --enable-nls --enable-bootstrap --enable-clocale=gnu --enable-libstdcxx-debug --enable-libstdcxx-time=yes --with-default-libstdcxx-abi=new --enable-gnu-unique-object --disable-vtable-verify --enable-libmpx --enable-plugin --enable-default-pie --with-system-zlib --with-target-system-zlib --enable-objc-gc=auto --enable-multiarch --disable-werror --with-arch-32=i686 --with-abi=m64 --with-multilib-list=m32,m64,mx32 --enable-multilib --with-tune=generic --enable-offload-targets=nvptx-none --without-cuda-driver --enable-checking=release --build=x86_64-linux-gnu --host=x86_64-linux-gnu --target=x86_64-linux-gnu
Thread model: posix
gcc version 7.5.0 (Ubuntu 7.5.0-3ubuntu1~18.04) 
configure:2623: $? = 0
configure:2612: gcc -V >&5
gcc: error: unrecognized command line option '-V'
gcc: fatal error: no input files
compilation terminated.
configure:2623: $? = 1
configure:2612: gcc -qversion >&5
gcc: error: unrecognized command line option '-qversion'; did you mean '--version'?
gcc: fatal error: no input files
compilation terminated.
configure:2623: $? = 1
configure:2643: checking whether the C compiler works
configure:2665: gcc    conftest.c  >&5
configure:2669: $? = 0
configure:2717: result: yes
configure:2720: checking for C compiler default output file name
configure:2722: result: a.out
configure:2728: checking for suffix of executables
configure:2735: gcc -o conftest    conftest.c  >&5
configure:2739: $? = 0
configure:2761: result: 
configure:2783: checking whether we are cross compiling
configure:2791: gcc -o conftest    conftest.c  >&5
configure:2795: $? = 0
configure:2802: ./conftest
configure:2806: $? = 0
configure:2821: result: no
configure:2826: checking for suffix of object files
configure:2848: gcc -c   conftest.c >&5
configure:2852: $? = 0
configure:2873: result: o
configure:2877: checking whether we are using the GNU C compiler
configure:2896: gcc -c   conftest.c >&5
configure:2896: $? = 0
configure:2905: result: yes
configure:2914: checking whether gcc accepts -g
configure:2934: gcc -c -g  conftest.c >&5
configure:2934: $? = 0
configure:2975: result: yes
configure:2992: checking for gcc option to accept ISO C89
configure:3055: gcc  -c -g -O2  conftest.c >&5
configure:3055: $? = 0
configure:3068: result: none needed
configure:3146: checking for g++
configure:3162: found /usr/bin/g++
configure:3173: result: g++
configure:3200: checking for C++ compiler version
configure:3209: g++ --version >&5
g++ (Ubuntu 7.5.0-3ubuntu1~18.04) 7.5.0
Copyright (C) 2017 Free Software Foundation, Inc.
This is free software; see the source for copying conditions.  There is NO
warranty; not even for MERCHANTABILITY or FITNESS FOR A PARTICULAR PURPOSE.

configure:3220: $? = 0
configure:3209: g++ -v >&5
Using built-in specs.
COLLECT_GCC=g++
COLLECT_LTO_WRAPPER=/usr/lib/gcc/x86_64-linux-gnu/7/lto-wrapper
OFFLOAD_TARGET_NAMES=nvptx-none
OFFLOAD_TARGET_DEFAULT=1
Target: x86_64-linux-gnu
Configured with: ../src/configure -v --with-pkgversion='Ubuntu 7.5.0-3ubuntu1~18.04' --with-bugurl=file:///usr/share/doc/gcc-7/README.Bugs --enable-languages=c,ada,c++,go,brig,d,fortran,objc,obj-c++ --prefix=/usr --with-gcc-major-version-only --program-suffix=-7 --program-prefix=x86_64-linux-gnu- --enable-shared --enable-linker-build-id --libexecdir=/usr/lib --without-included-gettext --enable-threads=posix --libdir=/usr/lib --enable-nls --enable-bootstrap --enable-clocale=gnu --enable-libstdcxx-debug --enable-libstdcxx-time=yes --with-default-libstdcxx-abi=new --enable-gnu-unique-object --disable-vtable-verify --enable-libmpx --enable-plugin --enable-default-pie --with-system-zlib --with-target-system-zlib --enable-objc-gc=auto --enable-multiarch --disable-werror --with-arch-32=i686 --with-abi=m64 --with-multilib-list=m32,m64,mx32 --enable-multilib --with-tune=generic --enable-offload-targets=nvptx-none --without-cuda-driver --enable-checking=release --build=x86_64-linux-gnu --host=x86_64-linux-gnu --target=x86_64-linux-gnu
Thread model: posix
gcc version 7.5.0 (Ubuntu 7.5.0-3ubuntu1~18.04) 
configure:3220: $? = 0
configure:3209: g++ -V >&5
g++: error: unrecognized command line option '-V'
g++: fatal error: no input files
compilation terminated.
configure:3220: $? = 1
configure:3209: g++ -qversion >&5
g++: error: unrecognized command line option '-qversion'; did you mean '--version'?
g++: fatal error: no input files
compilation terminated.
configure:3220: $? = 1
configure:3224: checking whether we are using the GNU C++ compiler
configure:3243: g++ -c   conftest.cpp >&5
configure:3243: $? = 0
configure:3252: result: yes
configure:3261: checking whether g++ accepts -g
configure:3281: g++ -c -g  conftest.cpp >&5
configure:3281: $? = 0
configure:3322: result: yes
configure:3596: creating ./config.status

## ---------------------- ##
## Running config.status. ##
## ---------------------- ##

This file was extended by rhasspy-nlu-hermes config.status 0.1.1, which was
generated by GNU Autoconf 2.69.  Invocation command line was

  CONFIG_FILES    = 
  CONFIG_HEADERS  = 
  CONFIG_LINKS    = 
  CONFIG_COMMANDS = 
  $ ./config.status 

on DrStrangelove

config.status:743: creating Makefile
config.status:743: creating rhasspy-nlu-hermes

## ---------------- ##
## Cache variables. ##
## ---------------- ##

ac_cv_build=x86_64-pc-linux-gnu
ac_cv_c_compiler_gnu=yes
ac_cv_cxx_compiler_gnu=yes
ac_cv_env_CCC_set=
ac_cv_env_CCC_value=
ac_cv_env_CC_set=
ac_cv_env_CC_value=
ac_cv_env_CFLAGS_set=
ac_cv_env_CFLAGS_value=
ac_cv_env_CPPFLAGS_set=
ac_cv_env_CPPFLAGS_value=
ac_cv_env_CXXFLAGS_set=
ac_cv_env_CXXFLAGS_value=
ac_cv_env_CXX_set=
ac_cv_env_CXX_value=
ac_cv_env_LDFLAGS_set=
ac_cv_env_LDFLAGS_value=
ac_cv_env_LIBS_set=
ac_cv_env_LIBS_value=
ac_cv_env_PYTHON_set=set
ac_cv_env_PYTHON_value=/usr/local/bin/python3.7
ac_cv_env_VIRTUALENV_FLAGS_set=
ac_cv_env_VIRTUALENV_FLAGS_value=
ac_cv_env_build_alias_set=
ac_cv_env_build_alias_value=
ac_cv_env_host_alias_set=
ac_cv_env_host_alias_value=
ac_cv_env_target_alias_set=
ac_cv_env_target_alias_value=
ac_cv_host=x86_64-pc-linux-gnu
ac_cv_objext=o
ac_cv_path_PYTHON=/usr/local/bin/python3.7
ac_cv_path_install='/usr/bin/install -c'
ac_cv_path_mkdir=/bin/mkdir
ac_cv_prog_ac_ct_CC=gcc
ac_cv_prog_ac_ct_CXX=g++
ac_cv_prog_cc_c89=
ac_cv_prog_cc_g=yes
ac_cv_prog_cxx_g=yes
pc_cv_python_req_version_3_7_0=yes
pc_cv_python_req_version_4_0=yes

## ----------------- ##
## Output variables. ##
## ----------------- ##

CC='gcc'
CFLAGS='-g -O2'
CPPFLAGS=''
CXX='g++'
CXXFLAGS='-g -O2'
DEFS='-DPACKAGE_NAME=\"rhasspy-nlu-hermes\" -DPACKAGE_TARNAME=\"rhasspy-nlu-hermes\" -DPACKAGE_VERSION=\"0.1.1\" -DPACKAGE_STRING=\"rhasspy-nlu-hermes\ 0.1.1\" -DPACKAGE_BUGREPORT=\"mike@rhasspy.org\" -DPACKAGE_URL=\"\"'
DOCKER_ARCH='amd64'
ECHO_C=''
ECHO_N='-n'
ECHO_T=''
EXEEXT=''
INSTALL_DATA='${INSTALL} -m 644'
INSTALL_PROGRAM='${INSTALL}'
INSTALL_SCRIPT='${INSTALL}'
IN_PLACE='yes'
LDFLAGS=''
LIBOBJS=''
LIBS=''
LTLIBOBJS=''
MKDIR_P='/bin/mkdir -p'
OBJEXT='o'
PACKAGE_BUGREPORT='mike@rhasspy.org'
PACKAGE_NAME='rhasspy-nlu-hermes'
PACKAGE_STRING='rhasspy-nlu-hermes 0.1.1'
PACKAGE_TARNAME='rhasspy-nlu-hermes'
PACKAGE_URL=''
PACKAGE_VERSION='0.1.1'
PATH_SEPARATOR=':'
PYTHON='/usr/local/bin/python3.7'
SHELL='/bin/bash'
VIRTUALENV='yes'
VIRTUALENV_FLAGS=''
ac_ct_CC='gcc'
ac_ct_CXX='g++'
bindir='${exec_prefix}/bin'
build='x86_64-pc-linux-gnu'
build_alias=''
build_cpu='x86_64'
build_os='linux-gnu'
build_vendor='pc'
datadir='${datarootdir}'
datarootdir='${prefix}/share'
docdir='${datarootdir}/doc/${PACKAGE_TARNAME}'
dvidir='${docdir}'
exec_prefix='${prefix}'
host='x86_64-pc-linux-gnu'
host_alias=''
host_cpu='x86_64'
host_os='linux-gnu'
host_vendor='pc'
htmldir='${docdir}'
includedir='${prefix}/include'
infodir='${datarootdir}/info'
libdir='${exec_prefix}/lib'
libexecdir='${exec_prefix}/libexec'
localedir='${datarootdir}/locale'
localstatedir='${prefix}/var'
mandir='${datarootdir}/man'
oldincludedir='/usr/include'
pdfdir='${docdir}'
prefix='/home/hansenm/opt/rhasspy-voltron/rhasspy-nlu-hermes/.venv'
program_transform_name='s,x,x,'
psdir='${docdir}'
runstatedir='${localstatedir}/run'
sbindir='${exec_prefix}/sbin'
sharedstatedir='${prefix}/com'
sysconfdir='${prefix}/etc'
target_alias=''

## ----------- ##
## confdefs.h. ##
## ----------- ##

/* confdefs.h */
#define PACKAGE_NAME "rhasspy-nlu-hermes"
#define PACKAGE_TARNAME "rhasspy-nlu-hermes"
#define PACKAGE_VERSION "0.1.1"
#define PACKAGE_STRING "rhasspy-nlu-hermes 0.1.1"
#define PACKAGE_BUGREPORT "mike@rhasspy.org"
#define PACKAGE_URL ""

configure: exit 0
